
> crialook@0.1.0 build
> next build

▲ Next.js 16.2.2 (Turbopack)
- Environments: .env.local

⚠ The "middleware" file convention is deprecated. Please use "proxy" instead. Learn more: https://nextjs.org/docs/messages/middleware-to-proxy
  Creating an optimized production build ...

> Build error occurred
Error: Turbopack build failed with 1 errors:
./src/components/KonvaCompositor.tsx:4:1
Module not found: Can't resolve 'react-konva'
  [90m2 |[0m
  [90m3 |[0m [36mimport[0m { useRef, useState, useEffect, useCallback } [36mfrom[0m [32m"react"[0m;
[31m[1m>[0m [90m4 |[0m [36mimport[0m { [33mStage[0m, [33mLayer[0m, [33mImage[0m [36mas[0m [33mKImage[0m, [33mText[0m, [33mRect[0m, [33mGroup[0m } [36mfrom[0m [32m"react-konva"[0m;
  [90m  |[0m [31m[1m^^^^^^^^^^^^^^^^^^^^^^^^^^^^^^^^^^^^^^^^^^^^^^^^^^^^^^^^^^^^^^^^^^^^^^^^^^^^^^^[0m
  [90m5 |[0m [36mimport[0m [33mKonva[0m [36mfrom[0m [32m"konva"[0m;
  [90m6 |[0m
  [90m7 |[0m /* ═══════════════════════════════════════



Import trace:
  Client Component Browser:
    ./src/components/KonvaCompositor.tsx [Client Component Browser]
    ./src/app/test-konva/page.tsx [Client Component Browser]
    ./src/app/test-konva/page.tsx [Server Component]

https://nextjs.org/docs/messages/module-not-found


    at <unknown> (./src/components/KonvaCompositor.tsx:4:1)
    at <unknown> (https://nextjs.org/docs/messages/module-not-found)
